<?xml version="1.0" encoding="UTF-8"?>
<!-- Generated by org.testng.reporters.JUnitReportReporter -->
<testsuite skipped="0" hostname="DESKTOP-U5CDJGF" name="tests.TestFirma" tests="11" failures="0" timestamp="08 Jun 2021 18:54:29 GMT" time="101.798" errors="0">
  <testcase name="testDashBoard" time="22.685" classname="tests.TestFirma"/>
  <testcase name="ShiftPlanning" time="4.762" classname="tests.TestFirma"/>
  <testcase name="TImeClock" time="2.300" classname="tests.TestFirma"/>
  <testcase name="testLeave" time="2.261" classname="tests.TestFirma"/>
  <testcase name="testTraining" time="2.217" classname="tests.TestFirma"/>
  <testcase name="testStaff" time="10.194" classname="tests.TestFirma"/>
  <testcase name="testPayroll" time="5.259" classname="tests.TestFirma"/>
  <testcase name="testReports" time="5.223" classname="tests.TestFirma"/>
  <testcase name="testAddEmploye" time="18.677" classname="tests.TestFirma"/>
  <testcase name="testEmployeNameChange" time="9.958" classname="tests.TestFirma"/>
  <testcase name="testAvailability" time="18.262" classname="tests.TestFirma"/>
</testsuite> <!-- tests.TestFirma -->
