<?xml version="1.0" encoding="UTF-8"?>
<!-- Generated by org.testng.reporters.JUnitReportReporter -->
<testsuite skipped="0" hostname="DESKTOP-U5CDJGF" name="tests.TestAboutUsAndLogin" tests="2" failures="0" timestamp="08 Jun 2021 19:47:32 GMT" time="46.449" errors="0">
  <testcase name="AboutUs" time="24.860" classname="tests.TestAboutUsAndLogin"/>
  <testcase name="LoginTest" time="21.589" classname="tests.TestAboutUsAndLogin"/>
</testsuite> <!-- tests.TestAboutUsAndLogin -->
