<?xml version="1.0" encoding="UTF-8"?>
<!-- Generated by org.testng.reporters.JUnitReportReporter -->
<testsuite skipped="0" hostname="DESKTOP-U5CDJGF" name="tests.TestPodesavanjeProfila" tests="1" failures="0" timestamp="08 Jun 2021 19:37:00 GMT" time="30.980" errors="0">
  <testcase name="testProfile" time="30.980" classname="tests.TestPodesavanjeProfila"/>
</testsuite> <!-- tests.TestPodesavanjeProfila -->
