<?xml version="1.0" encoding="UTF-8"?>
<!-- Generated by org.testng.reporters.JUnitReportReporter -->
<testsuite skipped="0" hostname="DESKTOP-U5CDJGF" name="tests.TestAddNewEmployee" tests="1" failures="0" timestamp="08 Jun 2021 17:56:45 GMT" time="92.772" errors="0">
  <testcase name="testTestAddNewEmployee" time="92.772" classname="tests.TestAddNewEmployee"/>
</testsuite> <!-- tests.TestAddNewEmployee -->
