<?xml version="1.0" encoding="UTF-8"?>
<!-- Generated by org.testng.reporters.JUnitReportReporter -->
<testsuite skipped="0" hostname="DESKTOP-U5CDJGF" name="tests.TestSetings" tests="2" failures="0" timestamp="08 Jun 2021 17:58:45 GMT" time="56.084" errors="0">
  <testcase name="testChangeLanguage" time="46.016" classname="tests.TestSetings"/>
  <testcase name="DisableNotification" time="10.068" classname="tests.TestSetings"/>
</testsuite> <!-- tests.TestSetings -->
