<?xml version="1.0" encoding="UTF-8"?>
<!-- Generated by org.testng.reporters.JUnitReportReporter -->
<testsuite skipped="0" hostname="DESKTOP-U5CDJGF" name="tests.TestHome" tests="2" failures="0" timestamp="08 Jun 2021 19:44:11 GMT" time="44.561" errors="0">
  <testcase name="AboutUs" time="23.113" classname="tests.TestHome"/>
  <testcase name="LoginTest" time="21.448" classname="tests.TestHome"/>
</testsuite> <!-- tests.TestHome -->
